Release 14.5 - xst P.58f (nt64)
Copyright (c) 1995-2012 Xilinx, Inc.  All rights reserved.
--> Parameter TMPDIR set to xst/projnav.tmp


Total REAL time to Xst completion: 1.00 secs
Total CPU time to Xst completion: 0.50 secs
 
--> Parameter xsthdpdir set to xst


Total REAL time to Xst completion: 1.00 secs
Total CPU time to Xst completion: 0.65 secs
 
--> Reading design: part1_without_pipeline.prj

TABLE OF CONTENTS
  1) Synthesis Options Summary
  2) HDL Parsing
  3) HDL Elaboration
  4) HDL Synthesis
       4.1) HDL Synthesis Report
  5) Advanced HDL Synthesis
       5.1) Advanced HDL Synthesis Report
  6) Low Level Synthesis
  7) Partition Report
  8) Design Summary
       8.1) Primitive and Black Box Usage
       8.2) Device utilization summary
       8.3) Partition Resource Summary
       8.4) Timing Report
            8.4.1) Clock Information
            8.4.2) Asynchronous Control Signals Information
            8.4.3) Timing Summary
            8.4.4) Timing Details
            8.4.5) Cross Clock Domains Report


=========================================================================
*                      Synthesis Options Summary                        *
=========================================================================
---- Source Parameters
Input File Name                    : "part1_without_pipeline.prj"
Ignore Synthesis Constraint File   : NO

---- Target Parameters
Output File Name                   : "part1_without_pipeline"
Output Format                      : NGC
Target Device                      : xc6slx4-3-csg225

---- Source Options
Top Module Name                    : part1_without_pipeline
Automatic FSM Extraction           : YES
FSM Encoding Algorithm             : Auto
Safe Implementation                : No
FSM Style                          : LUT
RAM Extraction                     : Yes
RAM Style                          : Auto
ROM Extraction                     : Yes
Shift Register Extraction          : YES
ROM Style                          : Auto
Resource Sharing                   : YES
Asynchronous To Synchronous        : NO
Shift Register Minimum Size        : 2
Use DSP Block                      : Auto
Automatic Register Balancing       : No

---- Target Options
LUT Combining                      : Auto
Reduce Control Sets                : Auto
Add IO Buffers                     : YES
Global Maximum Fanout              : 100000
Add Generic Clock Buffer(BUFG)     : 16
Register Duplication               : YES
Optimize Instantiated Primitives   : NO
Use Clock Enable                   : Auto
Use Synchronous Set                : Auto
Use Synchronous Reset              : Auto
Pack IO Registers into IOBs        : Auto
Equivalent register Removal        : YES

---- General Options
Optimization Goal                  : Speed
Optimization Effort                : 1
Power Reduction                    : NO
Keep Hierarchy                     : No
Netlist Hierarchy                  : As_Optimized
RTL Output                         : Yes
Global Optimization                : AllClockNets
Read Cores                         : YES
Write Timing Constraints           : NO
Cross Clock Analysis               : NO
Hierarchy Separator                : /
Bus Delimiter                      : <>
Case Specifier                     : Maintain
Slice Utilization Ratio            : 100
BRAM Utilization Ratio             : 100
DSP48 Utilization Ratio            : 100
Auto BRAM Packing                  : NO
Slice Utilization Ratio Delta      : 5

=========================================================================


=========================================================================
*                          HDL Parsing                                  *
=========================================================================
Analyzing Verilog file "\\Client\H$\CZ3001\sign_extend.v" into library work
Parsing verilog file "define.v" included at line 1.
Parsing module <sign_extend>.
Analyzing Verilog file "\\Client\H$\CZ3001\regfile.v" into library work
Parsing verilog file "define.v" included at line 2.
Parsing module <regfile>.
Analyzing Verilog file "\\Client\H$\CZ3001\PC.v" into library work
Parsing verilog file "define.v" included at line 1.
Parsing module <PC1>.
Analyzing Verilog file "\\Client\H$\CZ3001\memory.v" into library work
Parsing verilog file "define.v" included at line 1.
Parsing module <memory>.
Analyzing Verilog file "\\Client\H$\CZ3001\control.v" into library work
Parsing verilog file "define.v" included at line 3.
Parsing module <control>.
ERROR:HDLCompiler:1660 - "\\Client\H$\CZ3001\control.v" Line 21: Procedural assignment to a non-register wen is not permitted, left-hand side should be reg/integer/time/genvar
ERROR:HDLCompiler:1660 - "\\Client\H$\CZ3001\control.v" Line 21: Procedural assignment to a non-register wen is not permitted, left-hand side should be reg/integer/time/genvar
ERROR:HDLCompiler:1660 - "\\Client\H$\CZ3001\control.v" Line 22: Procedural assignment to a non-register aluop is not permitted, left-hand side should be reg/integer/time/genvar
ERROR:HDLCompiler:1660 - "\\Client\H$\CZ3001\control.v" Line 22: Procedural assignment to a non-register aluop is not permitted, left-hand side should be reg/integer/time/genvar
ERROR:HDLCompiler:1660 - "\\Client\H$\CZ3001\control.v" Line 25: Procedural assignment to a non-register wen is not permitted, left-hand side should be reg/integer/time/genvar
ERROR:HDLCompiler:1660 - "\\Client\H$\CZ3001\control.v" Line 25: Procedural assignment to a non-register wen is not permitted, left-hand side should be reg/integer/time/genvar
ERROR:HDLCompiler:1660 - "\\Client\H$\CZ3001\control.v" Line 26: Procedural assignment to a non-register aluop is not permitted, left-hand side should be reg/integer/time/genvar
ERROR:HDLCompiler:1660 - "\\Client\H$\CZ3001\control.v" Line 26: Procedural assignment to a non-register aluop is not permitted, left-hand side should be reg/integer/time/genvar
ERROR:HDLCompiler:1660 - "\\Client\H$\CZ3001\control.v" Line 29: Procedural assignment to a non-register wen is not permitted, left-hand side should be reg/integer/time/genvar
ERROR:HDLCompiler:1660 - "\\Client\H$\CZ3001\control.v" Line 29: Procedural assignment to a non-register wen is not permitted, left-hand side should be reg/integer/time/genvar
ERROR:HDLCompiler:1660 - "\\Client\H$\CZ3001\control.v" Line 30: Procedural assignment to a non-register aluop is not permitted, left-hand side should be reg/integer/time/genvar
ERROR:HDLCompiler:1660 - "\\Client\H$\CZ3001\control.v" Line 30: Procedural assignment to a non-register aluop is not permitted, left-hand side should be reg/integer/time/genvar
ERROR:HDLCompiler:1660 - "\\Client\H$\CZ3001\control.v" Line 33: Procedural assignment to a non-register wen is not permitted, left-hand side should be reg/integer/time/genvar
ERROR:HDLCompiler:1660 - "\\Client\H$\CZ3001\control.v" Line 33: Procedural assignment to a non-register wen is not permitted, left-hand side should be reg/integer/time/genvar
ERROR:HDLCompiler:1660 - "\\Client\H$\CZ3001\control.v" Line 34: Procedural assignment to a non-register aluop is not permitted, left-hand side should be reg/integer/time/genvar
ERROR:HDLCompiler:1660 - "\\Client\H$\CZ3001\control.v" Line 34: Procedural assignment to a non-register aluop is not permitted, left-hand side should be reg/integer/time/genvar
ERROR:HDLCompiler:1660 - "\\Client\H$\CZ3001\control.v" Line 37: Procedural assignment to a non-register wen is not permitted, left-hand side should be reg/integer/time/genvar
ERROR:HDLCompiler:1660 - "\\Client\H$\CZ3001\control.v" Line 37: Procedural assignment to a non-register wen is not permitted, left-hand side should be reg/integer/time/genvar
ERROR:HDLCompiler:1660 - "\\Client\H$\CZ3001\control.v" Line 38: Procedural assignment to a non-register aluop is not permitted, left-hand side should be reg/integer/time/genvar
Sorry, too many errors..
--> 

Total memory usage is 212656 kilobytes

Number of errors   :   19 (   0 filtered)
Number of warnings :    0 (   0 filtered)
Number of infos    :    0 (   0 filtered)

